<?xml version="1.0" encoding="UTF-8"?>
<coverage generated="1486026064">
  <project timestamp="1486026064">
    <package name="coveralls">
      <file name="lib/Client.php">
        <class name="Client" namespace="coveralls">
          <metrics complexity="41" methods="11" coveredmethods="4" conditionals="0" coveredconditionals="0" statements="42" coveredstatements="23" elements="53" coveredelements="27"/>
        </class>
        <line num="44" type="method" name="__construct" visibility="public" complexity="1" crap="1" count="4"/>
        <line num="45" type="stmt" count="4"/>
        <line num="46" type="stmt" count="4"/>
        <line num="47" type="stmt" count="4"/>
        <line num="48" type="stmt" count="4"/>
        <line num="54" type="method" name="getEndPoint" visibility="public" complexity="1" crap="2" count="0"/>
        <line num="55" type="stmt" count="0"/>
        <line num="62" type="method" name="onRequest" visibility="public" complexity="1" crap="2" count="0"/>
        <line num="63" type="stmt" count="0"/>
        <line num="70" type="method" name="onResponse" visibility="public" complexity="1" crap="2" count="0"/>
        <line num="71" type="stmt" count="0"/>
        <line num="79" type="method" name="setEndPoint" visibility="public" complexity="1" crap="1" count="4"/>
        <line num="80" type="stmt" count="4"/>
        <line num="81" type="stmt" count="4"/>
        <line num="91" type="method" name="upload" visibility="public" complexity="3" crap="4.12" count="1"/>
        <line num="92" type="stmt" count="1"/>
        <line num="93" type="stmt" count="1"/>
        <line num="95" type="stmt" count="0"/>
        <line num="96" type="stmt" count="0"/>
        <line num="105" type="method" name="uploadJob" visibility="public" complexity="3" crap="7.23" count="1"/>
        <line num="106" type="stmt" count="1"/>
        <line num="107" type="stmt" count="1"/>
        <line num="110" type="stmt" count="0"/>
        <line num="111" type="stmt" count="0"/>
        <line num="114" type="stmt" count="0"/>
        <line num="115" type="stmt" count="0"/>
        <line num="117" type="stmt" count="0"/>
        <line num="118" type="stmt" count="0"/>
        <line num="120" type="stmt" count="0"/>
        <line num="128" type="method" name="parseCloverReport" visibility="private" complexity="1" crap="2" count="0"/>
        <line num="129" type="stmt" count="0"/>
        <line num="131" type="stmt" count="0"/>
        <line num="139" type="method" name="parseCoverage" visibility="private" complexity="6" crap="19.12" count="1"/>
        <line num="140" type="stmt" count="1"/>
        <line num="141" type="stmt" count="1"/>
        <line num="143" type="stmt" count="0"/>
        <line num="144" type="stmt" count="0"/>
        <line num="146" type="stmt" count="0"/>
        <line num="147" type="stmt" count="0"/>
        <line num="149" type="stmt" count="0"/>
        <line num="158" type="method" name="parseLcovReport" visibility="private" complexity="3" crap="3" count="1"/>
        <line num="159" type="stmt" count="1"/>
        <line num="161" type="stmt" count="1"/>
        <line num="162" type="stmt" count="1"/>
        <line num="163" type="stmt" count="1"/>
        <line num="165" type="stmt" count="1"/>
        <line num="166" type="stmt" count="1"/>
        <line num="167" type="stmt" count="1"/>
        <line num="169" type="stmt" count="1"/>
        <line num="170" type="stmt" count="1"/>
        <line num="179" type="method" name="anonymous function" complexity="2" crap="2" count="1"/>
        <line num="180" type="stmt" count="1"/>
        <line num="181" type="stmt" count="1"/>
        <line num="183" type="stmt" count="1"/>
        <line num="185" type="stmt" count="1"/>
        <line num="186" type="stmt" count="1"/>
        <line num="187" type="stmt" count="1"/>
        <line num="188" type="stmt" count="1"/>
        <line num="189" type="stmt" count="1"/>
        <line num="191" type="stmt" count="1"/>
        <line num="194" type="stmt" count="1"/>
        <line num="195" type="stmt" count="1"/>
        <line num="196" type="stmt" count="1"/>
        <line num="197" type="stmt" count="1"/>
        <line num="198" type="stmt" count="1"/>
        <line num="199" type="stmt" count="1"/>
        <line num="200" type="stmt" count="1"/>
        <line num="201" type="stmt" count="1"/>
        <metrics loc="202" ncloc="127" classes="1" methods="11" coveredmethods="4" conditionals="0" coveredconditionals="0" statements="57" coveredstatements="38" elements="68" coveredelements="42"/>
      </file>
      <file name="lib/Configuration.php">
        <class name="Configuration" namespace="coveralls">
          <metrics complexity="59" methods="15" coveredmethods="13" conditionals="0" coveredconditionals="0" statements="55" coveredstatements="51" elements="70" coveredelements="64"/>
        </class>
        <line num="24" type="method" name="__construct" visibility="public" complexity="1" crap="1" count="10"/>
        <line num="25" type="stmt" count="10"/>
        <line num="26" type="stmt" count="10"/>
        <line num="32" type="method" name="__toString" visibility="public" complexity="1" crap="2" count="0"/>
        <line num="33" type="stmt" count="0"/>
        <line num="34" type="stmt" count="0"/>
        <line num="42" type="method" name="fromEnvironment" visibility="public" complexity="38" crap="38" count="2"/>
        <line num="43" type="stmt" count="2"/>
        <line num="44" type="stmt" count="2"/>
        <line num="47" type="stmt" count="2"/>
        <line num="48" type="stmt" count="2"/>
        <line num="50" type="stmt" count="2"/>
        <line num="51" type="stmt" count="2"/>
        <line num="52" type="stmt" count="2"/>
        <line num="53" type="stmt" count="2"/>
        <line num="54" type="stmt" count="2"/>
        <line num="56" type="stmt" count="2"/>
        <line num="57" type="stmt" count="1"/>
        <line num="61" type="stmt" count="2"/>
        <line num="62" type="stmt" count="1"/>
        <line num="64" type="stmt" count="2"/>
        <line num="65" type="stmt" count="2"/>
        <line num="66" type="stmt" count="2"/>
        <line num="67" type="stmt" count="2"/>
        <line num="68" type="stmt" count="2"/>
        <line num="69" type="stmt" count="2"/>
        <line num="72" type="stmt" count="2"/>
        <line num="73" type="stmt" count="2"/>
        <line num="74" type="stmt" count="2"/>
        <line num="75" type="stmt" count="2"/>
        <line num="76" type="stmt" count="2"/>
        <line num="77" type="stmt" count="2"/>
        <line num="78" type="stmt" count="2"/>
        <line num="81" type="method" name="anonymous function" complexity="1" crap="1" count="2"/>
        <line num="82" type="stmt" count="1"/>
        <line num="83" type="stmt" count="1"/>
        <line num="84" type="stmt" count="2"/>
        <line num="86" type="stmt" count="2"/>
        <line num="87" type="stmt" count="1"/>
        <line num="88" type="stmt" count="1"/>
        <line num="90" type="stmt" count="2"/>
        <line num="91" type="stmt" count="2"/>
        <line num="92" type="stmt" count="2"/>
        <line num="93" type="stmt" count="2"/>
        <line num="94" type="stmt" count="2"/>
        <line num="95" type="stmt" count="2"/>
        <line num="96" type="stmt" count="2"/>
        <line num="97" type="stmt" count="2"/>
        <line num="98" type="stmt" count="2"/>
        <line num="100" type="stmt" count="2"/>
        <line num="108" type="method" name="fromYAML" visibility="public" complexity="4" crap="5.02" count="2"/>
        <line num="109" type="stmt" count="2"/>
        <line num="112" type="stmt" count="2"/>
        <line num="113" type="stmt" count="2"/>
        <line num="116" type="stmt" count="0"/>
        <line num="117" type="stmt" count="0"/>
        <line num="127" type="method" name="loadDefaults" visibility="public" complexity="4" crap="4" count="1"/>
        <line num="128" type="stmt" count="1"/>
        <line num="130" type="stmt" count="1"/>
        <line num="131" type="stmt" count="1"/>
        <line num="132" type="stmt" count="1"/>
        <line num="135" type="stmt" count="1"/>
        <line num="142" type="method" name="count" visibility="public" complexity="1" crap="1" count="5"/>
        <line num="143" type="stmt" count="5"/>
        <line num="150" type="method" name="getIterator" visibility="public" complexity="1" crap="1" count="4"/>
        <line num="151" type="stmt" count="4"/>
        <line num="158" type="method" name="getKeys" visibility="public" complexity="1" crap="1" count="2"/>
        <line num="159" type="stmt" count="2"/>
        <line num="166" type="method" name="jsonSerialize" visibility="public" complexity="1" crap="1" count="1"/>
        <line num="167" type="stmt" count="1"/>
        <line num="174" type="method" name="merge" visibility="public" complexity="2" crap="2" count="3"/>
        <line num="175" type="stmt" count="3"/>
        <line num="176" type="stmt" count="3"/>
        <line num="183" type="method" name="offsetExists" visibility="public" complexity="1" crap="1" count="1"/>
        <line num="184" type="stmt" count="1"/>
        <line num="192" type="method" name="offsetGet" visibility="public" complexity="1" crap="1" count="6"/>
        <line num="193" type="stmt" count="6"/>
        <line num="201" type="method" name="offsetSet" visibility="public" complexity="1" crap="1" count="4"/>
        <line num="202" type="stmt" count="4"/>
        <line num="203" type="stmt" count="4"/>
        <line num="209" type="method" name="offsetUnset" visibility="public" complexity="1" crap="1" count="1"/>
        <line num="210" type="stmt" count="1"/>
        <line num="211" type="stmt" count="1"/>
        <metrics loc="212" ncloc="132" classes="1" methods="15" coveredmethods="13" conditionals="0" coveredconditionals="0" statements="68" coveredstatements="64" elements="83" coveredelements="77"/>
      </file>
      <file name="lib/GitCommit.php">
        <class name="GitCommit" namespace="coveralls">
          <metrics complexity="35" methods="16" coveredmethods="15" conditionals="0" coveredconditionals="0" statements="40" coveredstatements="38" elements="56" coveredelements="53"/>
        </class>
        <line num="47" type="method" name="__construct" visibility="public" complexity="1" crap="1" count="5"/>
        <line num="48" type="stmt" count="5"/>
        <line num="49" type="stmt" count="5"/>
        <line num="50" type="stmt" count="5"/>
        <line num="56" type="method" name="__toString" visibility="public" complexity="1" crap="2" count="0"/>
        <line num="57" type="stmt" count="0"/>
        <line num="58" type="stmt" count="0"/>
        <line num="66" type="method" name="fromJSON" visibility="public" complexity="15" crap="15" count="3"/>
        <line num="67" type="stmt" count="3"/>
        <line num="68" type="stmt" count="3"/>
        <line num="70" type="stmt" count="2"/>
        <line num="71" type="stmt" count="2"/>
        <line num="72" type="stmt" count="2"/>
        <line num="74" type="stmt" count="2"/>
        <line num="75" type="stmt" count="2"/>
        <line num="76" type="stmt" count="2"/>
        <line num="77" type="stmt" count="2"/>
        <line num="84" type="method" name="getAuthorEmail" visibility="public" complexity="1" crap="1" count="3"/>
        <line num="85" type="stmt" count="3"/>
        <line num="92" type="method" name="getAuthorName" visibility="public" complexity="1" crap="1" count="3"/>
        <line num="93" type="stmt" count="3"/>
        <line num="100" type="method" name="getCommitterEmail" visibility="public" complexity="1" crap="1" count="2"/>
        <line num="101" type="stmt" count="2"/>
        <line num="108" type="method" name="getCommitterName" visibility="public" complexity="1" crap="1" count="2"/>
        <line num="109" type="stmt" count="2"/>
        <line num="116" type="method" name="getId" visibility="public" complexity="1" crap="1" count="4"/>
        <line num="117" type="stmt" count="4"/>
        <line num="124" type="method" name="getMessage" visibility="public" complexity="1" crap="1" count="3"/>
        <line num="125" type="stmt" count="3"/>
        <line num="132" type="method" name="jsonSerialize" visibility="public" complexity="6" crap="6" count="2"/>
        <line num="133" type="stmt" count="2"/>
        <line num="134" type="stmt" count="2"/>
        <line num="135" type="stmt" count="2"/>
        <line num="136" type="stmt" count="2"/>
        <line num="137" type="stmt" count="2"/>
        <line num="138" type="stmt" count="2"/>
        <line num="139" type="stmt" count="2"/>
        <line num="140" type="stmt" count="2"/>
        <line num="148" type="method" name="setAuthorEmail" visibility="public" complexity="1" crap="1" count="4"/>
        <line num="149" type="stmt" count="4"/>
        <line num="150" type="stmt" count="4"/>
        <line num="158" type="method" name="setAuthorName" visibility="public" complexity="1" crap="1" count="4"/>
        <line num="159" type="stmt" count="4"/>
        <line num="160" type="stmt" count="4"/>
        <line num="168" type="method" name="setCommitterEmail" visibility="public" complexity="1" crap="1" count="3"/>
        <line num="169" type="stmt" count="3"/>
        <line num="170" type="stmt" count="3"/>
        <line num="178" type="method" name="setCommitterName" visibility="public" complexity="1" crap="1" count="3"/>
        <line num="179" type="stmt" count="3"/>
        <line num="180" type="stmt" count="3"/>
        <line num="188" type="method" name="setId" visibility="public" complexity="1" crap="1" count="5"/>
        <line num="189" type="stmt" count="5"/>
        <line num="190" type="stmt" count="5"/>
        <line num="198" type="method" name="setMessage" visibility="public" complexity="1" crap="1" count="5"/>
        <line num="199" type="stmt" count="5"/>
        <line num="200" type="stmt" count="5"/>
        <metrics loc="202" ncloc="106" classes="1" methods="16" coveredmethods="15" conditionals="0" coveredconditionals="0" statements="40" coveredstatements="38" elements="56" coveredelements="53"/>
      </file>
      <file name="lib/GitData.php">
        <class name="GitData" namespace="coveralls">
          <metrics complexity="18" methods="10" coveredmethods="8" conditionals="0" coveredconditionals="0" statements="23" coveredstatements="19" elements="33" coveredelements="27"/>
        </class>
        <line num="33" type="method" name="__construct" visibility="public" complexity="1" crap="1" count="5"/>
        <line num="34" type="stmt" count="5"/>
        <line num="35" type="stmt" count="5"/>
        <line num="36" type="stmt" count="5"/>
        <line num="37" type="stmt" count="5"/>
        <line num="43" type="method" name="__toString" visibility="public" complexity="1" crap="2" count="0"/>
        <line num="44" type="stmt" count="0"/>
        <line num="45" type="stmt" count="0"/>
        <line num="53" type="method" name="fromJSON" visibility="public" complexity="7" crap="7" count="2"/>
        <line num="56" type="stmt" count="2"/>
        <line num="58" type="stmt" count="2"/>
        <line num="59" type="stmt" count="2"/>
        <line num="60" type="stmt" count="2"/>
        <line num="61" type="stmt" count="2"/>
        <line num="62" type="stmt" count="2"/>
        <line num="70" type="method" name="getBranch" visibility="public" complexity="1" crap="1" count="5"/>
        <line num="71" type="stmt" count="5"/>
        <line num="78" type="method" name="getCommit" visibility="public" complexity="1" crap="1" count="3"/>
        <line num="79" type="stmt" count="3"/>
        <line num="86" type="method" name="getRemotes" visibility="public" complexity="1" crap="1" count="3"/>
        <line num="87" type="stmt" count="3"/>
        <line num="94" type="method" name="jsonSerialize" visibility="public" complexity="2" crap="2" count="2"/>
        <line num="96" type="stmt" count="2"/>
        <line num="97" type="stmt" count="2"/>
        <line num="107" type="method" name="setBranch" visibility="public" complexity="1" crap="1" count="5"/>
        <line num="108" type="stmt" count="5"/>
        <line num="109" type="stmt" count="5"/>
        <line num="117" type="method" name="setCommit" visibility="public" complexity="1" crap="1" count="5"/>
        <line num="118" type="stmt" count="5"/>
        <line num="119" type="stmt" count="5"/>
        <line num="127" type="method" name="setRemotes" visibility="public" complexity="1" crap="2" count="0"/>
        <line num="128" type="stmt" count="0"/>
        <line num="129" type="stmt" count="0"/>
        <metrics loc="131" ncloc="70" classes="1" methods="10" coveredmethods="8" conditionals="0" coveredconditionals="0" statements="23" coveredstatements="19" elements="33" coveredelements="27"/>
      </file>
      <file name="lib/GitRemote.php">
        <class name="GitRemote" namespace="coveralls">
          <metrics complexity="14" methods="8" coveredmethods="7" conditionals="0" coveredconditionals="0" statements="17" coveredstatements="15" elements="25" coveredelements="22"/>
        </class>
        <line num="27" type="method" name="__construct" visibility="public" complexity="1" crap="1" count="4"/>
        <line num="28" type="stmt" count="4"/>
        <line num="29" type="stmt" count="4"/>
        <line num="30" type="stmt" count="4"/>
        <line num="36" type="method" name="__toString" visibility="public" complexity="1" crap="2" count="0"/>
        <line num="37" type="stmt" count="0"/>
        <line num="38" type="stmt" count="0"/>
        <line num="46" type="method" name="fromJSON" visibility="public" complexity="7" crap="7" count="2"/>
        <line num="47" type="stmt" count="2"/>
        <line num="48" type="stmt" count="2"/>
        <line num="49" type="stmt" count="2"/>
        <line num="50" type="stmt" count="2"/>
        <line num="58" type="method" name="getName" visibility="public" complexity="1" crap="1" count="4"/>
        <line num="59" type="stmt" count="4"/>
        <line num="66" type="method" name="getURL" visibility="public" complexity="1" crap="1" count="3"/>
        <line num="67" type="stmt" count="3"/>
        <line num="74" type="method" name="jsonSerialize" visibility="public" complexity="1" crap="1" count="2"/>
        <line num="76" type="stmt" count="2"/>
        <line num="77" type="stmt" count="2"/>
        <line num="86" type="method" name="setName" visibility="public" complexity="1" crap="1" count="4"/>
        <line num="87" type="stmt" count="4"/>
        <line num="88" type="stmt" count="4"/>
        <line num="96" type="method" name="setURL" visibility="public" complexity="1" crap="1" count="4"/>
        <line num="97" type="stmt" count="4"/>
        <line num="98" type="stmt" count="4"/>
        <metrics loc="100" ncloc="52" classes="1" methods="8" coveredmethods="7" conditionals="0" coveredconditionals="0" statements="17" coveredstatements="15" elements="25" coveredelements="22"/>
      </file>
      <file name="lib/Job.php">
        <class name="Job" namespace="coveralls">
          <metrics complexity="55" methods="24" coveredmethods="23" conditionals="0" coveredconditionals="0" statements="53" coveredstatements="51" elements="77" coveredelements="74"/>
        </class>
        <line num="66" type="method" name="__construct" visibility="public" complexity="1" crap="1" count="5"/>
        <line num="67" type="stmt" count="5"/>
        <line num="68" type="stmt" count="5"/>
        <line num="74" type="method" name="__toString" visibility="public" complexity="1" crap="2" count="0"/>
        <line num="75" type="stmt" count="0"/>
        <line num="76" type="stmt" count="0"/>
        <line num="84" type="method" name="fromJSON" visibility="public" complexity="22" crap="22" count="1"/>
        <line num="87" type="stmt" count="1"/>
        <line num="89" type="stmt" count="1"/>
        <line num="90" type="stmt" count="1"/>
        <line num="91" type="stmt" count="1"/>
        <line num="92" type="stmt" count="1"/>
        <line num="93" type="stmt" count="1"/>
        <line num="94" type="stmt" count="1"/>
        <line num="95" type="stmt" count="1"/>
        <line num="96" type="stmt" count="1"/>
        <line num="97" type="stmt" count="1"/>
        <line num="98" type="stmt" count="1"/>
        <line num="99" type="stmt" count="1"/>
        <line num="100" type="stmt" count="1"/>
        <line num="107" type="method" name="getCommitSha" visibility="public" complexity="1" crap="1" count="1"/>
        <line num="108" type="stmt" count="1"/>
        <line num="115" type="method" name="getGit" visibility="public" complexity="1" crap="1" count="3"/>
        <line num="116" type="stmt" count="3"/>
        <line num="123" type="method" name="getRepoToken" visibility="public" complexity="1" crap="1" count="4"/>
        <line num="124" type="stmt" count="4"/>
        <line num="131" type="method" name="getRunAt" visibility="public" complexity="1" crap="1" count="3"/>
        <line num="132" type="stmt" count="3"/>
        <line num="139" type="method" name="getServiceJobId" visibility="public" complexity="1" crap="1" count="1"/>
        <line num="140" type="stmt" count="1"/>
        <line num="147" type="method" name="getServiceName" visibility="public" complexity="1" crap="1" count="2"/>
        <line num="148" type="stmt" count="2"/>
        <line num="155" type="method" name="getServiceNumber" visibility="public" complexity="1" crap="1" count="1"/>
        <line num="156" type="stmt" count="1"/>
        <line num="163" type="method" name="getServicePullRequest" visibility="public" complexity="1" crap="1" count="1"/>
        <line num="164" type="stmt" count="1"/>
        <line num="171" type="method" name="getSourceFiles" visibility="public" complexity="1" crap="1" count="3"/>
        <line num="172" type="stmt" count="3"/>
        <line num="179" type="method" name="isParallel" visibility="public" complexity="1" crap="1" count="3"/>
        <line num="180" type="stmt" count="3"/>
        <line num="187" type="method" name="jsonSerialize" visibility="public" complexity="10" crap="10" count="1"/>
        <line num="188" type="stmt" count="1"/>
        <line num="190" type="stmt" count="1"/>
        <line num="191" type="stmt" count="1"/>
        <line num="192" type="stmt" count="1"/>
        <line num="193" type="stmt" count="1"/>
        <line num="194" type="stmt" count="1"/>
        <line num="197" type="stmt" count="1"/>
        <line num="198" type="stmt" count="1"/>
        <line num="199" type="stmt" count="1"/>
        <line num="200" type="stmt" count="1"/>
        <line num="202" type="stmt" count="1"/>
        <line num="210" type="method" name="setCommitSha" visibility="public" complexity="1" crap="1" count="2"/>
        <line num="211" type="stmt" count="2"/>
        <line num="212" type="stmt" count="2"/>
        <line num="220" type="method" name="setGit" visibility="public" complexity="1" crap="1" count="3"/>
        <line num="221" type="stmt" count="3"/>
        <line num="222" type="stmt" count="3"/>
        <line num="230" type="method" name="setParallel" visibility="public" complexity="1" crap="1" count="3"/>
        <line num="231" type="stmt" count="3"/>
        <line num="232" type="stmt" count="3"/>
        <line num="240" type="method" name="setRepoToken" visibility="public" complexity="1" crap="1" count="3"/>
        <line num="241" type="stmt" count="3"/>
        <line num="242" type="stmt" count="3"/>
        <line num="250" type="method" name="setRunAt" visibility="public" complexity="1" crap="1" count="3"/>
        <line num="251" type="stmt" count="3"/>
        <line num="252" type="stmt" count="3"/>
        <line num="260" type="method" name="setServiceJobId" visibility="public" complexity="1" crap="1" count="2"/>
        <line num="261" type="stmt" count="2"/>
        <line num="262" type="stmt" count="2"/>
        <line num="270" type="method" name="setServiceName" visibility="public" complexity="1" crap="1" count="2"/>
        <line num="271" type="stmt" count="2"/>
        <line num="272" type="stmt" count="2"/>
        <line num="280" type="method" name="setServiceNumber" visibility="public" complexity="1" crap="1" count="2"/>
        <line num="281" type="stmt" count="2"/>
        <line num="282" type="stmt" count="2"/>
        <line num="290" type="method" name="setServicePullRequest" visibility="public" complexity="1" crap="1" count="2"/>
        <line num="291" type="stmt" count="2"/>
        <line num="292" type="stmt" count="2"/>
        <line num="300" type="method" name="setSourceFiles" visibility="public" complexity="1" crap="1" count="2"/>
        <line num="301" type="stmt" count="2"/>
        <line num="302" type="stmt" count="2"/>
        <metrics loc="304" ncloc="161" classes="1" methods="24" coveredmethods="23" conditionals="0" coveredconditionals="0" statements="58" coveredstatements="56" elements="82" coveredelements="79"/>
      </file>
      <file name="lib/SourceFile.php">
        <class name="SourceFile" namespace="coveralls">
          <metrics complexity="23" methods="12" coveredmethods="10" conditionals="0" coveredconditionals="0" statements="31" coveredstatements="27" elements="43" coveredelements="37"/>
        </class>
        <line num="39" type="method" name="__construct" visibility="public" complexity="1" crap="1" count="5"/>
        <line num="40" type="stmt" count="5"/>
        <line num="41" type="stmt" count="5"/>
        <line num="42" type="stmt" count="5"/>
        <line num="43" type="stmt" count="5"/>
        <line num="44" type="stmt" count="5"/>
        <line num="50" type="method" name="__toString" visibility="public" complexity="1" crap="2" count="0"/>
        <line num="51" type="stmt" count="0"/>
        <line num="52" type="stmt" count="0"/>
        <line num="60" type="method" name="fromJSON" visibility="public" complexity="11" crap="11" count="2"/>
        <line num="61" type="stmt" count="2"/>
        <line num="62" type="stmt" count="2"/>
        <line num="63" type="stmt" count="2"/>
        <line num="64" type="stmt" count="2"/>
        <line num="65" type="stmt" count="2"/>
        <line num="66" type="stmt" count="2"/>
        <line num="74" type="method" name="getCoverage" visibility="public" complexity="1" crap="1" count="4"/>
        <line num="75" type="stmt" count="4"/>
        <line num="82" type="method" name="getName" visibility="public" complexity="1" crap="1" count="5"/>
        <line num="83" type="stmt" count="5"/>
        <line num="90" type="method" name="getSource" visibility="public" complexity="1" crap="1" count="3"/>
        <line num="91" type="stmt" count="3"/>
        <line num="98" type="method" name="getSourceDigest" visibility="public" complexity="1" crap="1" count="4"/>
        <line num="99" type="stmt" count="4"/>
        <line num="106" type="method" name="jsonSerialize" visibility="public" complexity="2" crap="2" count="2"/>
        <line num="107" type="stmt" count="2"/>
        <line num="108" type="stmt" count="2"/>
        <line num="109" type="stmt" count="2"/>
        <line num="110" type="stmt" count="2"/>
        <line num="111" type="stmt" count="2"/>
        <line num="112" type="stmt" count="2"/>
        <line num="120" type="method" name="setCoverage" visibility="public" complexity="1" crap="2" count="0"/>
        <line num="121" type="stmt" count="0"/>
        <line num="122" type="stmt" count="0"/>
        <line num="130" type="method" name="setName" visibility="public" complexity="1" crap="1" count="5"/>
        <line num="131" type="stmt" count="5"/>
        <line num="132" type="stmt" count="5"/>
        <line num="140" type="method" name="setSource" visibility="public" complexity="1" crap="1" count="5"/>
        <line num="141" type="stmt" count="5"/>
        <line num="142" type="stmt" count="5"/>
        <line num="150" type="method" name="setSourceDigest" visibility="public" complexity="1" crap="1" count="5"/>
        <line num="151" type="stmt" count="5"/>
        <line num="152" type="stmt" count="5"/>
        <metrics loc="154" ncloc="80" classes="1" methods="12" coveredmethods="10" conditionals="0" coveredconditionals="0" statements="31" coveredstatements="27" elements="43" coveredelements="37"/>
      </file>
    </package>
    <file name="lib/services/appveyor.php">
      <metrics loc="29" ncloc="21" classes="0" methods="0" coveredmethods="0" conditionals="0" coveredconditionals="0" statements="0" coveredstatements="0" elements="0" coveredelements="0"/>
    </file>
    <file name="lib/services/circleci.php">
      <metrics loc="24" ncloc="16" classes="0" methods="0" coveredmethods="0" conditionals="0" coveredconditionals="0" statements="0" coveredstatements="0" elements="0" coveredelements="0"/>
    </file>
    <file name="lib/services/codeship.php">
      <metrics loc="22" ncloc="14" classes="0" methods="0" coveredmethods="0" conditionals="0" coveredconditionals="0" statements="0" coveredstatements="0" elements="0" coveredelements="0"/>
    </file>
    <file name="lib/services/gitlab_ci.php">
      <metrics loc="21" ncloc="13" classes="0" methods="0" coveredmethods="0" conditionals="0" coveredconditionals="0" statements="0" coveredstatements="0" elements="0" coveredelements="0"/>
    </file>
    <file name="lib/services/jenkins.php">
      <metrics loc="23" ncloc="15" classes="0" methods="0" coveredmethods="0" conditionals="0" coveredconditionals="0" statements="0" coveredstatements="0" elements="0" coveredelements="0"/>
    </file>
    <file name="lib/services/semaphore.php">
      <metrics loc="21" ncloc="13" classes="0" methods="0" coveredmethods="0" conditionals="0" coveredconditionals="0" statements="0" coveredstatements="0" elements="0" coveredelements="0"/>
    </file>
    <file name="lib/services/solano_ci.php">
      <metrics loc="23" ncloc="15" classes="0" methods="0" coveredmethods="0" conditionals="0" coveredconditionals="0" statements="0" coveredstatements="0" elements="0" coveredelements="0"/>
    </file>
    <file name="lib/services/surf.php">
      <metrics loc="19" ncloc="11" classes="0" methods="0" coveredmethods="0" conditionals="0" coveredconditionals="0" statements="0" coveredstatements="0" elements="0" coveredelements="0"/>
    </file>
    <file name="lib/services/travis_ci.php">
      <line num="14" type="stmt" count="1"/>
      <line num="15" type="stmt" count="1"/>
      <line num="18" type="stmt" count="1"/>
      <line num="21" type="stmt" count="1"/>
      <line num="22" type="stmt" count="1"/>
      <line num="24" type="stmt" count="1"/>
      <metrics loc="25" ncloc="17" classes="0" methods="0" coveredmethods="0" conditionals="0" coveredconditionals="0" statements="6" coveredstatements="6" elements="6" coveredelements="6"/>
    </file>
    <file name="lib/services/wercker.php">
      <metrics loc="20" ncloc="12" classes="0" methods="0" coveredmethods="0" conditionals="0" coveredconditionals="0" statements="0" coveredstatements="0" elements="0" coveredelements="0"/>
    </file>
    <metrics files="17" loc="1532" ncloc="875" classes="7" methods="96" coveredmethods="80" conditionals="0" coveredconditionals="0" statements="300" coveredstatements="263" elements="396" coveredelements="343"/>
  </project>
</coverage>
